-- The C compiler identification is GNU 11.4.0
-- The CXX compiler identification is GNU 11.4.0
-- Detecting C compiler ABI info
-- Detecting C compiler ABI info - done
-- Check for working C compiler: /usr/bin/cc - skipped
-- Detecting C compile features
-- Detecting C compile features - done
-- Detecting CXX compiler ABI info
-- Detecting CXX compiler ABI info - done
-- Check for working CXX compiler: /usr/bin/c++ - skipped
-- Detecting CXX compile features
-- Detecting CXX compile features - done
-- Found ament_cmake: 1.3.9 (/opt/ros/humble/share/ament_cmake/cmake)
-- Found Python3: /usr/bin/python3 (found version "3.10.12") found components: Interpreter
-- Found rclcpp: 16.0.9 (/opt/ros/humble/share/rclcpp/cmake)
-- Found rosidl_generator_c: 3.1.5 (/opt/ros/humble/share/rosidl_generator_c/cmake)
-- Found rosidl_adapter: 3.1.5 (/opt/ros/humble/share/rosidl_adapter/cmake)
-- Found rosidl_generator_cpp: 3.1.5 (/opt/ros/humble/share/rosidl_generator_cpp/cmake)
-- Using all available rosidl_typesupport_c: rosidl_typesupport_fastrtps_c;rosidl_typesupport_introspection_c
-- Using all available rosidl_typesupport_cpp: rosidl_typesupport_fastrtps_cpp;rosidl_typesupport_introspection_cpp
-- Found rmw_implementation_cmake: 6.1.2 (/opt/ros/humble/share/rmw_implementation_cmake/cmake)
-- Found rmw_cyclonedds_cpp: 1.3.4 (/opt/ros/humble/share/rmw_cyclonedds_cpp/cmake)
-- Using RMW implementation 'rmw_cyclonedds_cpp' as default
-- Performing Test CMAKE_HAVE_LIBC_PTHREAD
-- Performing Test CMAKE_HAVE_LIBC_PTHREAD - Success
-- Found Threads: TRUE
-- Found arduinobot_msgs: 0.0.0 (/home/albert/umov_ws/install/arduinobot_msgs/share/arduinobot_msgs/cmake)
-- Found rclcpp_action: 16.0.9 (/opt/ros/humble/share/rclcpp_action/cmake)
-- Found rclcpp_components: 16.0.9 (/opt/ros/humble/share/rclcpp_components/cmake)
-- Found moveit_ros_planning_interface: 2.5.5 (/home/albert/ws_moveit2/install/moveit_ros_planning_interface/share/moveit_ros_planning_interface/cmake)
-- Found Boost: /usr/lib/x86_64-linux-gnu/cmake/Boost-1.74.0/BoostConfig.cmake (found version "1.74.0") found components: date_time filesystem program_options system thread
-- Found Boost: /usr/lib/x86_64-linux-gnu/cmake/Boost-1.74.0/BoostConfig.cmake (found version "1.74.0") found components: chrono date_time filesystem iostreams program_options regex serialization system thread
-- Found parameter_traits: 0.3.8 (/opt/ros/humble/share/parameter_traits/cmake)
-- Found rclcpp_lifecycle: 16.0.9 (/opt/ros/humble/share/rclcpp_lifecycle/cmake)
-- Found Boost: /usr/lib/x86_64-linux-gnu/cmake/Boost-1.74.0/BoostConfig.cmake (found version "1.74.0") found components: filesystem
-- library: /usr/lib/x86_64-linux-gnu/libcurl.so
-- Found Eigen3: TRUE (found version "3.4.0")
-- Ensuring Eigen3 include directory is part of orocos-kdl CMake target
-- Found Boost: /usr/lib/x86_64-linux-gnu/cmake/Boost-1.74.0/BoostConfig.cmake (found version "1.74.0") found components: system filesystem date_time program_options thread chrono
-- Found Boost: /usr/lib/x86_64-linux-gnu/cmake/Boost-1.74.0/BoostConfig.cmake (found version "1.74.0") found components: thread system filesystem regex date_time program_options
-- Found Boost: /usr/lib/x86_64-linux-gnu/cmake/Boost-1.74.0/BoostConfig.cmake (found version "1.74.0") found components: system filesystem date_time program_options thread
-- Found ament_lint_auto: 0.12.11 (/opt/ros/humble/share/ament_lint_auto/cmake)
-- Added test 'cppcheck' to perform static code analysis on C / C++ code
-- Configured cppcheck include dirs: $<BUILD_INTERFACE:/home/albert/umov_ws/src/arduino_cpp_examples/include>
-- Configured cppcheck exclude dirs and/or files: 
-- Added test 'lint_cmake' to check CMake code style
-- Added test 'uncrustify' to check C / C++ code style
-- Configured uncrustify additional arguments: 
-- Added test 'xmllint' to check XML markup files
-- Configuring done (10.2s)
-- Generating done (0.1s)
-- Build files have been written to: /home/albert/umov_ws/build/arduino_cpp_examples
[  4%] [32mBuilding CXX object CMakeFiles/simple_parameter.dir/src/simple_parameter.cpp.o[0m
[  9%] [32mBuilding CXX object CMakeFiles/simple_publisher.dir/src/simple_publisher.cpp.o[0m
[ 18%] [32mBuilding CXX object CMakeFiles/simple_service_server.dir/src/simple_service_server.cpp.o[0m
[ 18%] [32mBuilding CXX object CMakeFiles/simple_action_server.dir/src/simple_action_server.cpp.o[0m
[ 27%] [32mBuilding CXX object CMakeFiles/simple_subscriber.dir/src/simple_subscriber.cpp.o[0m
[ 27%] [32mBuilding CXX object CMakeFiles/simple_service_client.dir/src/simple_service_client.cpp.o[0m
[ 31%] [32mBuilding CXX object CMakeFiles/simple_lifecycle_node.dir/src/simple_lifecycle_node.cpp.o[0m
[ 36%] [32mBuilding CXX object CMakeFiles/simple_action_server_node.dir/rclcpp_components/node_main_simple_action_server_node.cpp.o[0m
[ 40%] [32m[1mLinking CXX executable simple_parameter[0m
[ 45%] [32m[1mLinking CXX executable simple_action_server_node[0m
[ 45%] Built target simple_parameter
[ 50%] [32mBuilding CXX object CMakeFiles/simple_action_client.dir/src/simple_action_client.cpp.o[0m
[ 50%] Built target simple_action_server_node
[ 54%] [32mBuilding CXX object CMakeFiles/simple_action_client_node.dir/rclcpp_components/node_main_simple_action_client_node.cpp.o[0m
[ 59%] [32m[1mLinking CXX executable simple_service_client[0m
[ 63%] [32m[1mLinking CXX executable simple_service_server[0m
[ 63%] Built target simple_service_client
[ 68%] [32mBuilding CXX object CMakeFiles/simple_moveit_interface.dir/src/simple_moveit_interface.cpp.o[0m
[ 68%] Built target simple_service_server
[ 72%] [32m[1mLinking CXX shared library libsimple_action_server.so[0m
[ 72%] Built target simple_action_server
[ 77%] [32m[1mLinking CXX executable simple_publisher[0m
[ 77%] Built target simple_publisher
[ 81%] [32m[1mLinking CXX executable simple_action_client_node[0m
[ 86%] [32m[1mLinking CXX shared library libsimple_action_client.so[0m
[ 86%] Built target simple_action_client_node
[ 86%] Built target simple_action_client
[ 90%] [32m[1mLinking CXX executable simple_subscriber[0m
[ 95%] [32m[1mLinking CXX executable simple_lifecycle_node[0m
[ 95%] Built target simple_subscriber
[ 95%] Built target simple_lifecycle_node
[100%] [32m[1mLinking CXX executable simple_moveit_interface[0m
[100%] Built target simple_moveit_interface
-- Install configuration: ""
-- Installing: /home/albert/umov_ws/install/arduino_cpp_examples/lib/arduino_cpp_examples/simple_action_server_node
-- Set non-toolchain portion of runtime path of "/home/albert/umov_ws/install/arduino_cpp_examples/lib/arduino_cpp_examples/simple_action_server_node" to ""
-- Installing: /home/albert/umov_ws/install/arduino_cpp_examples/lib/arduino_cpp_examples/simple_action_client_node
-- Set non-toolchain portion of runtime path of "/home/albert/umov_ws/install/arduino_cpp_examples/lib/arduino_cpp_examples/simple_action_client_node" to ""
-- Installing: /home/albert/umov_ws/install/arduino_cpp_examples/lib/arduino_cpp_examples/simple_publisher
-- Set non-toolchain portion of runtime path of "/home/albert/umov_ws/install/arduino_cpp_examples/lib/arduino_cpp_examples/simple_publisher" to ""
-- Installing: /home/albert/umov_ws/install/arduino_cpp_examples/lib/arduino_cpp_examples/simple_subscriber
-- Set non-toolchain portion of runtime path of "/home/albert/umov_ws/install/arduino_cpp_examples/lib/arduino_cpp_examples/simple_subscriber" to ""
-- Installing: /home/albert/umov_ws/install/arduino_cpp_examples/lib/arduino_cpp_examples/simple_parameter
-- Set non-toolchain portion of runtime path of "/home/albert/umov_ws/install/arduino_cpp_examples/lib/arduino_cpp_examples/simple_parameter" to ""
-- Installing: /home/albert/umov_ws/install/arduino_cpp_examples/lib/arduino_cpp_examples/simple_service_server
-- Set non-toolchain portion of runtime path of "/home/albert/umov_ws/install/arduino_cpp_examples/lib/arduino_cpp_examples/simple_service_server" to ""
-- Installing: /home/albert/umov_ws/install/arduino_cpp_examples/lib/arduino_cpp_examples/simple_service_client
-- Set non-toolchain portion of runtime path of "/home/albert/umov_ws/install/arduino_cpp_examples/lib/arduino_cpp_examples/simple_service_client" to ""
-- Installing: /home/albert/umov_ws/install/arduino_cpp_examples/lib/arduino_cpp_examples/simple_moveit_interface
-- Set non-toolchain portion of runtime path of "/home/albert/umov_ws/install/arduino_cpp_examples/lib/arduino_cpp_examples/simple_moveit_interface" to ""
-- Installing: /home/albert/umov_ws/install/arduino_cpp_examples/lib/arduino_cpp_examples/simple_lifecycle_node
-- Set non-toolchain portion of runtime path of "/home/albert/umov_ws/install/arduino_cpp_examples/lib/arduino_cpp_examples/simple_lifecycle_node" to ""
-- Installing: /home/albert/umov_ws/install/arduino_cpp_examples/lib/libsimple_action_server.so
-- Set non-toolchain portion of runtime path of "/home/albert/umov_ws/install/arduino_cpp_examples/lib/libsimple_action_server.so" to ""
-- Installing: /home/albert/umov_ws/install/arduino_cpp_examples/lib/libsimple_action_client.so
-- Set non-toolchain portion of runtime path of "/home/albert/umov_ws/install/arduino_cpp_examples/lib/libsimple_action_client.so" to ""
-- Installing: /home/albert/umov_ws/install/arduino_cpp_examples/share/ament_index/resource_index/package_run_dependencies/arduino_cpp_examples
-- Installing: /home/albert/umov_ws/install/arduino_cpp_examples/share/ament_index/resource_index/parent_prefix_path/arduino_cpp_examples
-- Installing: /home/albert/umov_ws/install/arduino_cpp_examples/share/arduino_cpp_examples/environment/ament_prefix_path.sh
-- Installing: /home/albert/umov_ws/install/arduino_cpp_examples/share/arduino_cpp_examples/environment/ament_prefix_path.dsv
-- Installing: /home/albert/umov_ws/install/arduino_cpp_examples/share/arduino_cpp_examples/environment/path.sh
-- Installing: /home/albert/umov_ws/install/arduino_cpp_examples/share/arduino_cpp_examples/environment/path.dsv
-- Installing: /home/albert/umov_ws/install/arduino_cpp_examples/share/arduino_cpp_examples/local_setup.bash
-- Installing: /home/albert/umov_ws/install/arduino_cpp_examples/share/arduino_cpp_examples/local_setup.sh
-- Installing: /home/albert/umov_ws/install/arduino_cpp_examples/share/arduino_cpp_examples/local_setup.zsh
-- Installing: /home/albert/umov_ws/install/arduino_cpp_examples/share/arduino_cpp_examples/local_setup.dsv
-- Installing: /home/albert/umov_ws/install/arduino_cpp_examples/share/arduino_cpp_examples/package.dsv
-- Installing: /home/albert/umov_ws/install/arduino_cpp_examples/share/ament_index/resource_index/packages/arduino_cpp_examples
-- Installing: /home/albert/umov_ws/install/arduino_cpp_examples/share/ament_index/resource_index/rclcpp_components/arduino_cpp_examples
-- Installing: /home/albert/umov_ws/install/arduino_cpp_examples/share/arduino_cpp_examples/cmake/arduino_cpp_examplesConfig.cmake
-- Installing: /home/albert/umov_ws/install/arduino_cpp_examples/share/arduino_cpp_examples/cmake/arduino_cpp_examplesConfig-version.cmake
-- Installing: /home/albert/umov_ws/install/arduino_cpp_examples/share/arduino_cpp_examples/package.xml
