[0.042s] Invoking command in '/home/albert/umov_ws/build/arduinobot_moveit': CMAKE_PREFIX_PATH=${CMAKE_PREFIX_PATH}:/home/albert/bcdc_ws/install/agbot_teleop:/home/albert/bcdc_ws/install/agbot_py:/home/albert/ws_moveit2/install/moveit_configs_utils:/home/albert/ws_moveit2/install/launch_param_builder:/home/albert/umov_ws/install/arduino_py_examples:/home/albert/udem2_ws/install/actions_py:/home/albert/udem2_ws/install/lifecycle_py:/home/albert/udem2_ws/install/executors_py:/home/albert/udem2_ws/install/components_py:/home/albert/udem_ws/install/turtlesim_catcher:/home/albert/udem_ws/install/my_py_pkg:/home/albert/udem_ws/install/lifecycle_py:/home/albert/arduinobot_ws/install/arduinobot_py_examples:/opt/ros/humble /home/albert/.local/bin/cmake /home/albert/umov_ws/src/arduinobot_moveit -DCMAKE_INSTALL_PREFIX=/home/albert/umov_ws/install/arduinobot_moveit
[0.139s] -- The C compiler identification is GNU 11.4.0
[0.225s] -- The CXX compiler identification is GNU 11.4.0
[0.247s] -- Detecting C compiler ABI info
[0.356s] -- Detecting C compiler ABI info - done
[0.385s] -- Check for working C compiler: /usr/bin/cc - skipped
[0.386s] -- Detecting C compile features
[0.386s] -- Detecting C compile features - done
[0.391s] -- Detecting CXX compiler ABI info
[0.518s] -- Detecting CXX compiler ABI info - done
[0.542s] -- Check for working CXX compiler: /usr/bin/c++ - skipped
[0.543s] -- Detecting CXX compile features
[0.543s] -- Detecting CXX compile features - done
[0.561s] -- Found ament_cmake: 1.3.9 (/opt/ros/humble/share/ament_cmake/cmake)
[0.885s] -- Found Python3: /usr/bin/python3 (found version "3.10.12") found components: Interpreter
[1.242s] -- Found ament_lint_auto: 0.12.11 (/opt/ros/humble/share/ament_lint_auto/cmake)
[1.514s] -- Added test 'flake8' to check Python code syntax and style conventions
[1.520s] -- Added test 'lint_cmake' to check CMake code style
[1.526s] -- Added test 'pep257' to check Python code against some of the docstring style conventions in PEP 257
[1.533s] -- Added test 'xmllint' to check XML markup files
[1.544s] -- Configuring done (1.5s)
[1.549s] -- Generating done (0.0s)
[1.551s] -- Build files have been written to: /home/albert/umov_ws/build/arduinobot_moveit
[1.558s] Invoked command in '/home/albert/umov_ws/build/arduinobot_moveit' returned '0': CMAKE_PREFIX_PATH=${CMAKE_PREFIX_PATH}:/home/albert/bcdc_ws/install/agbot_teleop:/home/albert/bcdc_ws/install/agbot_py:/home/albert/ws_moveit2/install/moveit_configs_utils:/home/albert/ws_moveit2/install/launch_param_builder:/home/albert/umov_ws/install/arduino_py_examples:/home/albert/udem2_ws/install/actions_py:/home/albert/udem2_ws/install/lifecycle_py:/home/albert/udem2_ws/install/executors_py:/home/albert/udem2_ws/install/components_py:/home/albert/udem_ws/install/turtlesim_catcher:/home/albert/udem_ws/install/my_py_pkg:/home/albert/udem_ws/install/lifecycle_py:/home/albert/arduinobot_ws/install/arduinobot_py_examples:/opt/ros/humble /home/albert/.local/bin/cmake /home/albert/umov_ws/src/arduinobot_moveit -DCMAKE_INSTALL_PREFIX=/home/albert/umov_ws/install/arduinobot_moveit
[1.561s] Invoking command in '/home/albert/umov_ws/build/arduinobot_moveit': CMAKE_PREFIX_PATH=${CMAKE_PREFIX_PATH}:/home/albert/bcdc_ws/install/agbot_teleop:/home/albert/bcdc_ws/install/agbot_py:/home/albert/ws_moveit2/install/moveit_configs_utils:/home/albert/ws_moveit2/install/launch_param_builder:/home/albert/umov_ws/install/arduino_py_examples:/home/albert/udem2_ws/install/actions_py:/home/albert/udem2_ws/install/lifecycle_py:/home/albert/udem2_ws/install/executors_py:/home/albert/udem2_ws/install/components_py:/home/albert/udem_ws/install/turtlesim_catcher:/home/albert/udem_ws/install/my_py_pkg:/home/albert/udem_ws/install/lifecycle_py:/home/albert/arduinobot_ws/install/arduinobot_py_examples:/opt/ros/humble /home/albert/.local/bin/cmake --build /home/albert/umov_ws/build/arduinobot_moveit -- -j8 -l8
[1.598s] Invoked command in '/home/albert/umov_ws/build/arduinobot_moveit' returned '0': CMAKE_PREFIX_PATH=${CMAKE_PREFIX_PATH}:/home/albert/bcdc_ws/install/agbot_teleop:/home/albert/bcdc_ws/install/agbot_py:/home/albert/ws_moveit2/install/moveit_configs_utils:/home/albert/ws_moveit2/install/launch_param_builder:/home/albert/umov_ws/install/arduino_py_examples:/home/albert/udem2_ws/install/actions_py:/home/albert/udem2_ws/install/lifecycle_py:/home/albert/udem2_ws/install/executors_py:/home/albert/udem2_ws/install/components_py:/home/albert/udem_ws/install/turtlesim_catcher:/home/albert/udem_ws/install/my_py_pkg:/home/albert/udem_ws/install/lifecycle_py:/home/albert/arduinobot_ws/install/arduinobot_py_examples:/opt/ros/humble /home/albert/.local/bin/cmake --build /home/albert/umov_ws/build/arduinobot_moveit -- -j8 -l8
[1.662s] Invoking command in '/home/albert/umov_ws/build/arduinobot_moveit': CMAKE_PREFIX_PATH=${CMAKE_PREFIX_PATH}:/home/albert/bcdc_ws/install/agbot_teleop:/home/albert/bcdc_ws/install/agbot_py:/home/albert/ws_moveit2/install/moveit_configs_utils:/home/albert/ws_moveit2/install/launch_param_builder:/home/albert/umov_ws/install/arduino_py_examples:/home/albert/udem2_ws/install/actions_py:/home/albert/udem2_ws/install/lifecycle_py:/home/albert/udem2_ws/install/executors_py:/home/albert/udem2_ws/install/components_py:/home/albert/udem_ws/install/turtlesim_catcher:/home/albert/udem_ws/install/my_py_pkg:/home/albert/udem_ws/install/lifecycle_py:/home/albert/arduinobot_ws/install/arduinobot_py_examples:/opt/ros/humble /home/albert/.local/bin/cmake --install /home/albert/umov_ws/build/arduinobot_moveit
[1.669s] -- Install configuration: ""
[1.669s] -- Installing: /home/albert/umov_ws/install/arduinobot_moveit/share/arduinobot_moveit/launch
[1.669s] -- Installing: /home/albert/umov_ws/install/arduinobot_moveit/share/arduinobot_moveit/launch/moveit.launch.py
[1.669s] -- Installing: /home/albert/umov_ws/install/arduinobot_moveit/share/arduinobot_moveit/config
[1.669s] -- Installing: /home/albert/umov_ws/install/arduinobot_moveit/share/arduinobot_moveit/config/joint_limits.yaml
[1.670s] -- Installing: /home/albert/umov_ws/install/arduinobot_moveit/share/arduinobot_moveit/config/moveit_controllers.yaml
[1.670s] -- Installing: /home/albert/umov_ws/install/arduinobot_moveit/share/arduinobot_moveit/config/initial_positions.yaml
[1.670s] -- Installing: /home/albert/umov_ws/install/arduinobot_moveit/share/arduinobot_moveit/config/pilz_cartesian_limits.yaml
[1.671s] -- Installing: /home/albert/umov_ws/install/arduinobot_moveit/share/arduinobot_moveit/config/arduinobot.srdf
[1.671s] -- Installing: /home/albert/umov_ws/install/arduinobot_moveit/share/arduinobot_moveit/config/kinematics.yaml
[1.672s] -- Installing: /home/albert/umov_ws/install/arduinobot_moveit/share/arduinobot_moveit/config/moveit.rviz
[1.672s] -- Installing: /home/albert/umov_ws/install/arduinobot_moveit/share/ament_index/resource_index/package_run_dependencies/arduinobot_moveit
[1.672s] -- Installing: /home/albert/umov_ws/install/arduinobot_moveit/share/ament_index/resource_index/parent_prefix_path/arduinobot_moveit
[1.672s] -- Installing: /home/albert/umov_ws/install/arduinobot_moveit/share/arduinobot_moveit/environment/ament_prefix_path.sh
[1.673s] -- Installing: /home/albert/umov_ws/install/arduinobot_moveit/share/arduinobot_moveit/environment/ament_prefix_path.dsv
[1.673s] -- Installing: /home/albert/umov_ws/install/arduinobot_moveit/share/arduinobot_moveit/environment/path.sh
[1.673s] -- Installing: /home/albert/umov_ws/install/arduinobot_moveit/share/arduinobot_moveit/environment/path.dsv
[1.673s] -- Installing: /home/albert/umov_ws/install/arduinobot_moveit/share/arduinobot_moveit/local_setup.bash
[1.673s] -- Installing: /home/albert/umov_ws/install/arduinobot_moveit/share/arduinobot_moveit/local_setup.sh
[1.674s] -- Installing: /home/albert/umov_ws/install/arduinobot_moveit/share/arduinobot_moveit/local_setup.zsh
[1.674s] -- Installing: /home/albert/umov_ws/install/arduinobot_moveit/share/arduinobot_moveit/local_setup.dsv
[1.674s] -- Installing: /home/albert/umov_ws/install/arduinobot_moveit/share/arduinobot_moveit/package.dsv
[1.674s] -- Installing: /home/albert/umov_ws/install/arduinobot_moveit/share/ament_index/resource_index/packages/arduinobot_moveit
[1.675s] -- Installing: /home/albert/umov_ws/install/arduinobot_moveit/share/arduinobot_moveit/cmake/arduinobot_moveitConfig.cmake
[1.675s] -- Installing: /home/albert/umov_ws/install/arduinobot_moveit/share/arduinobot_moveit/cmake/arduinobot_moveitConfig-version.cmake
[1.675s] -- Installing: /home/albert/umov_ws/install/arduinobot_moveit/share/arduinobot_moveit/package.xml
[1.677s] Invoked command in '/home/albert/umov_ws/build/arduinobot_moveit' returned '0': CMAKE_PREFIX_PATH=${CMAKE_PREFIX_PATH}:/home/albert/bcdc_ws/install/agbot_teleop:/home/albert/bcdc_ws/install/agbot_py:/home/albert/ws_moveit2/install/moveit_configs_utils:/home/albert/ws_moveit2/install/launch_param_builder:/home/albert/umov_ws/install/arduino_py_examples:/home/albert/udem2_ws/install/actions_py:/home/albert/udem2_ws/install/lifecycle_py:/home/albert/udem2_ws/install/executors_py:/home/albert/udem2_ws/install/components_py:/home/albert/udem_ws/install/turtlesim_catcher:/home/albert/udem_ws/install/my_py_pkg:/home/albert/udem_ws/install/lifecycle_py:/home/albert/arduinobot_ws/install/arduinobot_py_examples:/opt/ros/humble /home/albert/.local/bin/cmake --install /home/albert/umov_ws/build/arduinobot_moveit
