[0.038s] Invoking command in '/home/albert/umov_ws/build/description': CMAKE_PREFIX_PATH=${CMAKE_PREFIX_PATH}:/home/albert/bcdc_ws/install/agbot_teleop:/home/albert/bcdc_ws/install/agbot_py:/home/albert/ws_moveit2/install/moveit_configs_utils:/home/albert/ws_moveit2/install/launch_param_builder:/home/albert/umov_ws/install/arduino_py_examples:/home/albert/udem2_ws/install/actions_py:/home/albert/udem2_ws/install/lifecycle_py:/home/albert/udem2_ws/install/executors_py:/home/albert/udem2_ws/install/components_py:/home/albert/udem_ws/install/turtlesim_catcher:/home/albert/udem_ws/install/my_py_pkg:/home/albert/udem_ws/install/lifecycle_py:/home/albert/arduinobot_ws/install/arduinobot_py_examples:/opt/ros/humble /home/albert/.local/bin/cmake /home/albert/umov_ws/src/description -DCMAKE_INSTALL_PREFIX=/home/albert/umov_ws/install/description
[0.141s] -- The C compiler identification is GNU 11.4.0
[0.231s] -- The CXX compiler identification is GNU 11.4.0
[0.251s] -- Detecting C compiler ABI info
[0.361s] -- Detecting C compiler ABI info - done
[0.390s] -- Check for working C compiler: /usr/bin/cc - skipped
[0.391s] -- Detecting C compile features
[0.392s] -- Detecting C compile features - done
[0.397s] -- Detecting CXX compiler ABI info
[0.531s] -- Detecting CXX compiler ABI info - done
[0.554s] -- Check for working CXX compiler: /usr/bin/c++ - skipped
[0.555s] -- Detecting CXX compile features
[0.556s] -- Detecting CXX compile features - done
[0.577s] -- Found ament_cmake: 1.3.9 (/opt/ros/humble/share/ament_cmake/cmake)
[0.892s] -- Found Python3: /usr/bin/python3 (found version "3.10.12") found components: Interpreter
[1.183s] -- Found urdf: 2.6.0 (/opt/ros/humble/share/urdf/cmake)
[1.407s] -- Found ament_lint_auto: 0.12.11 (/opt/ros/humble/share/ament_lint_auto/cmake)
[1.668s] -- Added test 'flake8' to check Python code syntax and style conventions
[1.672s] -- Added test 'lint_cmake' to check CMake code style
[1.677s] -- Added test 'pep257' to check Python code against some of the docstring style conventions in PEP 257
[1.681s] -- Added test 'xmllint' to check XML markup files
[1.689s] -- Configuring done (1.6s)
[1.693s] -- Generating done (0.0s)
[1.695s] -- Build files have been written to: /home/albert/umov_ws/build/description
[1.708s] Invoked command in '/home/albert/umov_ws/build/description' returned '0': CMAKE_PREFIX_PATH=${CMAKE_PREFIX_PATH}:/home/albert/bcdc_ws/install/agbot_teleop:/home/albert/bcdc_ws/install/agbot_py:/home/albert/ws_moveit2/install/moveit_configs_utils:/home/albert/ws_moveit2/install/launch_param_builder:/home/albert/umov_ws/install/arduino_py_examples:/home/albert/udem2_ws/install/actions_py:/home/albert/udem2_ws/install/lifecycle_py:/home/albert/udem2_ws/install/executors_py:/home/albert/udem2_ws/install/components_py:/home/albert/udem_ws/install/turtlesim_catcher:/home/albert/udem_ws/install/my_py_pkg:/home/albert/udem_ws/install/lifecycle_py:/home/albert/arduinobot_ws/install/arduinobot_py_examples:/opt/ros/humble /home/albert/.local/bin/cmake /home/albert/umov_ws/src/description -DCMAKE_INSTALL_PREFIX=/home/albert/umov_ws/install/description
[1.710s] Invoking command in '/home/albert/umov_ws/build/description': CMAKE_PREFIX_PATH=${CMAKE_PREFIX_PATH}:/home/albert/bcdc_ws/install/agbot_teleop:/home/albert/bcdc_ws/install/agbot_py:/home/albert/ws_moveit2/install/moveit_configs_utils:/home/albert/ws_moveit2/install/launch_param_builder:/home/albert/umov_ws/install/arduino_py_examples:/home/albert/udem2_ws/install/actions_py:/home/albert/udem2_ws/install/lifecycle_py:/home/albert/udem2_ws/install/executors_py:/home/albert/udem2_ws/install/components_py:/home/albert/udem_ws/install/turtlesim_catcher:/home/albert/udem_ws/install/my_py_pkg:/home/albert/udem_ws/install/lifecycle_py:/home/albert/arduinobot_ws/install/arduinobot_py_examples:/opt/ros/humble /home/albert/.local/bin/cmake --build /home/albert/umov_ws/build/description -- -j8 -l8
[1.746s] Invoked command in '/home/albert/umov_ws/build/description' returned '0': CMAKE_PREFIX_PATH=${CMAKE_PREFIX_PATH}:/home/albert/bcdc_ws/install/agbot_teleop:/home/albert/bcdc_ws/install/agbot_py:/home/albert/ws_moveit2/install/moveit_configs_utils:/home/albert/ws_moveit2/install/launch_param_builder:/home/albert/umov_ws/install/arduino_py_examples:/home/albert/udem2_ws/install/actions_py:/home/albert/udem2_ws/install/lifecycle_py:/home/albert/udem2_ws/install/executors_py:/home/albert/udem2_ws/install/components_py:/home/albert/udem_ws/install/turtlesim_catcher:/home/albert/udem_ws/install/my_py_pkg:/home/albert/udem_ws/install/lifecycle_py:/home/albert/arduinobot_ws/install/arduinobot_py_examples:/opt/ros/humble /home/albert/.local/bin/cmake --build /home/albert/umov_ws/build/description -- -j8 -l8
[1.793s] Invoking command in '/home/albert/umov_ws/build/description': CMAKE_PREFIX_PATH=${CMAKE_PREFIX_PATH}:/home/albert/bcdc_ws/install/agbot_teleop:/home/albert/bcdc_ws/install/agbot_py:/home/albert/ws_moveit2/install/moveit_configs_utils:/home/albert/ws_moveit2/install/launch_param_builder:/home/albert/umov_ws/install/arduino_py_examples:/home/albert/udem2_ws/install/actions_py:/home/albert/udem2_ws/install/lifecycle_py:/home/albert/udem2_ws/install/executors_py:/home/albert/udem2_ws/install/components_py:/home/albert/udem_ws/install/turtlesim_catcher:/home/albert/udem_ws/install/my_py_pkg:/home/albert/udem_ws/install/lifecycle_py:/home/albert/arduinobot_ws/install/arduinobot_py_examples:/opt/ros/humble /home/albert/.local/bin/cmake --install /home/albert/umov_ws/build/description
[1.797s] -- Install configuration: ""
[1.797s] -- Installing: /home/albert/umov_ws/install/description/share/description/launch
[1.797s] -- Installing: /home/albert/umov_ws/install/description/share/description/launch/gazebo.launch.py
[1.798s] -- Installing: /home/albert/umov_ws/install/description/share/description/launch/display.launch.py
[1.798s] -- Installing: /home/albert/umov_ws/install/description/share/description/meshes
[1.798s] -- Installing: /home/albert/umov_ws/install/description/share/description/meshes/right_finger.STL
[1.799s] -- Installing: /home/albert/umov_ws/install/description/share/description/meshes/triangular_link.STL
[1.804s] -- Installing: /home/albert/umov_ws/install/description/share/description/meshes/round_plate.STL
[1.805s] -- Installing: /home/albert/umov_ws/install/description/share/description/meshes/left_finger.STL
[1.808s] -- Installing: /home/albert/umov_ws/install/description/share/description/meshes/vertical_drive_arm.STL
[1.809s] -- Installing: /home/albert/umov_ws/install/description/share/description/meshes/claw_support.STL
[1.811s] -- Installing: /home/albert/umov_ws/install/description/share/description/meshes/link.STL
[1.812s] -- Installing: /home/albert/umov_ws/install/description/share/description/meshes/horizontal_arm.STL
[1.815s] -- Installing: /home/albert/umov_ws/install/description/share/description/meshes/basement.STL
[1.817s] -- Installing: /home/albert/umov_ws/install/description/share/description/meshes/forward_drive_arm.STL
[1.822s] -- Installing: /home/albert/umov_ws/install/description/share/description/meshes/servo_plate.STL
[1.822s] -- Installing: /home/albert/umov_ws/install/description/share/description/meshes/plate.STL
[1.826s] -- Installing: /home/albert/umov_ws/install/description/share/description/meshes/base_plate.STL
[1.831s] -- Installing: /home/albert/umov_ws/install/description/share/description/meshes/pi_camera.STL
[1.831s] -- Installing: /home/albert/umov_ws/install/description/share/description/models
[1.831s] -- Installing: /home/albert/umov_ws/install/description/share/description/models/ground_plane
[1.832s] -- Installing: /home/albert/umov_ws/install/description/share/description/models/ground_plane/model-1_2.sdf
[1.832s] -- Installing: /home/albert/umov_ws/install/description/share/description/models/ground_plane/model-1_3.sdf
[1.832s] -- Installing: /home/albert/umov_ws/install/description/share/description/models/ground_plane/model.config
[1.832s] -- Installing: /home/albert/umov_ws/install/description/share/description/models/ground_plane/model.sdf
[1.832s] -- Installing: /home/albert/umov_ws/install/description/share/description/models/ground_plane/model-1_4.sdf
[1.833s] -- Installing: /home/albert/umov_ws/install/description/share/description/models/sun
[1.833s] -- Installing: /home/albert/umov_ws/install/description/share/description/models/sun/model-1_2.sdf
[1.833s] -- Installing: /home/albert/umov_ws/install/description/share/description/models/sun/model-1_3.sdf
[1.834s] -- Installing: /home/albert/umov_ws/install/description/share/description/models/sun/model.config
[1.834s] -- Installing: /home/albert/umov_ws/install/description/share/description/models/sun/model.sdf
[1.834s] -- Installing: /home/albert/umov_ws/install/description/share/description/models/sun/model-1_4.sdf
[1.835s] -- Installing: /home/albert/umov_ws/install/description/share/description/urdf
[1.835s] -- Installing: /home/albert/umov_ws/install/description/share/description/urdf/common_properties.xacro
[1.835s] -- Installing: /home/albert/umov_ws/install/description/share/description/urdf/arduinobot.urdf.xacro
[1.835s] -- Installing: /home/albert/umov_ws/install/description/share/description/urdf/arduinobot_gazebo.xacro
[1.835s] -- Installing: /home/albert/umov_ws/install/description/share/description/urdf/arduinobot_ros2_control.xacro
[1.836s] -- Installing: /home/albert/umov_ws/install/description/share/description/rviz
[1.836s] -- Installing: /home/albert/umov_ws/install/description/share/description/rviz/display.rviz
[1.836s] -- Installing: /home/albert/umov_ws/install/description/share/ament_index/resource_index/package_run_dependencies/description
[1.836s] -- Installing: /home/albert/umov_ws/install/description/share/ament_index/resource_index/parent_prefix_path/description
[1.837s] -- Installing: /home/albert/umov_ws/install/description/share/description/environment/ament_prefix_path.sh
[1.837s] -- Installing: /home/albert/umov_ws/install/description/share/description/environment/ament_prefix_path.dsv
[1.837s] -- Installing: /home/albert/umov_ws/install/description/share/description/environment/path.sh
[1.837s] -- Installing: /home/albert/umov_ws/install/description/share/description/environment/path.dsv
[1.837s] -- Installing: /home/albert/umov_ws/install/description/share/description/local_setup.bash
[1.837s] -- Installing: /home/albert/umov_ws/install/description/share/description/local_setup.sh
[1.838s] -- Installing: /home/albert/umov_ws/install/description/share/description/local_setup.zsh
[1.838s] -- Installing: /home/albert/umov_ws/install/description/share/description/local_setup.dsv
[1.838s] -- Installing: /home/albert/umov_ws/install/description/share/description/package.dsv
[1.838s] -- Installing: /home/albert/umov_ws/install/description/share/ament_index/resource_index/packages/description
[1.838s] -- Installing: /home/albert/umov_ws/install/description/share/description/cmake/descriptionConfig.cmake
[1.838s] -- Installing: /home/albert/umov_ws/install/description/share/description/cmake/descriptionConfig-version.cmake
[1.838s] -- Installing: /home/albert/umov_ws/install/description/share/description/package.xml
[1.840s] Invoked command in '/home/albert/umov_ws/build/description' returned '0': CMAKE_PREFIX_PATH=${CMAKE_PREFIX_PATH}:/home/albert/bcdc_ws/install/agbot_teleop:/home/albert/bcdc_ws/install/agbot_py:/home/albert/ws_moveit2/install/moveit_configs_utils:/home/albert/ws_moveit2/install/launch_param_builder:/home/albert/umov_ws/install/arduino_py_examples:/home/albert/udem2_ws/install/actions_py:/home/albert/udem2_ws/install/lifecycle_py:/home/albert/udem2_ws/install/executors_py:/home/albert/udem2_ws/install/components_py:/home/albert/udem_ws/install/turtlesim_catcher:/home/albert/udem_ws/install/my_py_pkg:/home/albert/udem_ws/install/lifecycle_py:/home/albert/arduinobot_ws/install/arduinobot_py_examples:/opt/ros/humble /home/albert/.local/bin/cmake --install /home/albert/umov_ws/build/description
